<?xml version="1.0" encoding="UTF-8"?>
<testng-results skipped="0" failed="0" ignored="0" total="1" passed="1">
  <reporter-output>
  </reporter-output>
  <suite name="Suite" duration-ms="5568" started-at="2021-04-02T12:21:24 PDT" finished-at="2021-04-02T12:21:30 PDT">
    <groups>
    </groups>
    <test name="Test" duration-ms="5568" started-at="2021-04-02T12:21:24 PDT" finished-at="2021-04-02T12:21:30 PDT">
      <class name="com.Saurabh.AutomationProject.TesterClass">
        <test-method status="PASS" signature="testMethod()[pri:0, instance:com.Saurabh.AutomationProject.TesterClass@4f7d0008]" name="testMethod" duration-ms="5514" started-at="2021-04-02T12:21:24 PDT" finished-at="2021-04-02T12:21:30 PDT">
          <reporter-output>
          </reporter-output>
        </test-method> <!-- testMethod -->
      </class> <!-- com.Saurabh.AutomationProject.TesterClass -->
    </test> <!-- Test -->
  </suite> <!-- Suite -->
</testng-results>
