<?xml version="1.0" encoding="UTF-8"?>
<testng-results ignored="0" total="2" passed="2" failed="0" skipped="0">
  <reporter-output>
  </reporter-output>
  <suite started-at="2021-04-03T16:16:45 PDT" name="Default suite" finished-at="2021-04-03T16:16:57 PDT" duration-ms="12047">
    <groups>
      <group name="cucumber">
        <method signature="AbstractTestNGCucumberTests.runScenario(io.cucumber.testng.PickleWrapper, io.cucumber.testng.FeatureWrapper)[pri:0, instance:TestRunner.TestRunner@7671cb68]" name="runScenario" class="io.cucumber.testng.AbstractTestNGCucumberTests"/>
      </group> <!-- cucumber -->
    </groups>
    <test started-at="2021-04-03T16:16:45 PDT" name="Default test" finished-at="2021-04-03T16:16:57 PDT" duration-ms="12047">
      <class name="TestRunner.TestRunner">
        <test-method is-config="true" signature="setUpClass()[pri:0, instance:TestRunner.TestRunner@7671cb68]" started-at="2021-04-03T16:16:45 PDT" name="setUpClass" finished-at="2021-04-03T16:16:45 PDT" duration-ms="410" status="PASS">
          <reporter-output>
          </reporter-output>
        </test-method> <!-- setUpClass -->
        <test-method is-config="true" signature="openBrowser()[pri:0, instance:TestRunner.TestRunner@7671cb68]" started-at="2021-04-03T16:16:45 PDT" name="openBrowser" finished-at="2021-04-03T16:16:47 PDT" duration-ms="2241" status="PASS">
          <reporter-output>
          </reporter-output>
        </test-method> <!-- openBrowser -->
        <test-method signature="runScenario(io.cucumber.testng.PickleWrapper, io.cucumber.testng.FeatureWrapper)[pri:0, instance:TestRunner.TestRunner@7671cb68]" started-at="2021-04-03T16:16:47 PDT" name="runScenario" description="Runs Cucumber Scenarios" data-provider="scenarios" finished-at="2021-04-03T16:16:53 PDT" duration-ms="5782" status="PASS">
          <params>
            <param index="0">
              <value>
                <![CDATA["To validate user gets error message at login page when wrong username is entered"]]>
              </value>
            </param>
            <param index="1">
              <value>
                <![CDATA["Optional[Validate Login feature.]"]]>
              </value>
            </param>
          </params>
          <reporter-output>
          </reporter-output>
        </test-method> <!-- runScenario -->
        <test-method signature="runScenario(io.cucumber.testng.PickleWrapper, io.cucumber.testng.FeatureWrapper)[pri:0, instance:TestRunner.TestRunner@7671cb68]" started-at="2021-04-03T16:16:53 PDT" name="runScenario" description="Runs Cucumber Scenarios" data-provider="scenarios" finished-at="2021-04-03T16:16:55 PDT" duration-ms="2260" status="PASS">
          <params>
            <param index="0">
              <value>
                <![CDATA["To validate user gets error message at login page when wrong password is entered."]]>
              </value>
            </param>
            <param index="1">
              <value>
                <![CDATA["Optional[Validate Login feature.]"]]>
              </value>
            </param>
          </params>
          <reporter-output>
          </reporter-output>
        </test-method> <!-- runScenario -->
        <test-method is-config="true" signature="tearDown()[pri:0, instance:TestRunner.TestRunner@7671cb68]" started-at="2021-04-03T16:16:55 PDT" name="tearDown" finished-at="2021-04-03T16:16:57 PDT" duration-ms="1278" status="PASS">
          <reporter-output>
          </reporter-output>
        </test-method> <!-- tearDown -->
        <test-method is-config="true" signature="tearDownClass()[pri:0, instance:TestRunner.TestRunner@7671cb68]" started-at="2021-04-03T16:16:57 PDT" name="tearDownClass" finished-at="2021-04-03T16:16:57 PDT" duration-ms="13" status="PASS">
          <reporter-output>
          </reporter-output>
        </test-method> <!-- tearDownClass -->
      </class> <!-- TestRunner.TestRunner -->
    </test> <!-- Default test -->
  </suite> <!-- Default suite -->
</testng-results>
